<?xml version="1.0" encoding="UTF-8"?>
<testng-results skipped="2" failed="0" total="2" passed="0">
  <reporter-output>
  </reporter-output>
  <suite name="Default suite" duration-ms="20" started-at="2016-08-14T00:54:07Z" finished-at="2016-08-14T00:54:07Z">
    <groups>
    </groups>
    <test name="Default test" duration-ms="20" started-at="2016-08-14T00:54:07Z" finished-at="2016-08-14T00:54:07Z">
      <class name="testSuite1.TestClass1">
        <test-method status="FAIL" signature="driverMethod(java.lang.String)[pri:0, instance:testSuite1.TestClass1@29ee9faa]" name="driverMethod" is-config="true" duration-ms="0" started-at="2016-08-13T20:54:07Z" finished-at="2016-08-13T20:54:07Z">
          <exception class="org.testng.TestNGException">
            <message>
              <![CDATA[
Parameter 'Browser' is required by @Configuration on method driverMethod but has not been marked @Optional or defined
in /private/var/folders/5c/q74c63fs6vxcf8p8mvhxbgj80000gp/T/testng-eclipse-2233448/testng-customsuite.xml]]>
            </message>
            <full-stacktrace>
              <![CDATA[org.testng.TestNGException: 
Parameter 'Browser' is required by @Configuration on method driverMethod but has not been marked @Optional or defined
in /private/var/folders/5c/q74c63fs6vxcf8p8mvhxbgj80000gp/T/testng-eclipse-2233448/testng-customsuite.xml
	at org.testng.internal.Parameters.createParameters(Parameters.java:154)
	at org.testng.internal.Parameters.createParameters(Parameters.java:361)
	at org.testng.internal.Parameters.createConfigurationParameters(Parameters.java:84)
	at org.testng.internal.Invoker.invokeConfigurations(Invoker.java:201)
	at org.testng.internal.Invoker.invokeConfigurations(Invoker.java:142)
	at org.testng.SuiteRunner.privateRun(SuiteRunner.java:305)
	at org.testng.SuiteRunner.run(SuiteRunner.java:268)
	at org.testng.SuiteRunnerWorker.runSuite(SuiteRunnerWorker.java:52)
	at org.testng.SuiteRunnerWorker.run(SuiteRunnerWorker.java:86)
	at org.testng.TestNG.runSuitesSequentially(TestNG.java:1244)
	at org.testng.TestNG.runSuitesLocally(TestNG.java:1169)
	at org.testng.TestNG.run(TestNG.java:1064)
	at org.testng.remote.AbstractRemoteTestNG.run(AbstractRemoteTestNG.java:126)
	at org.testng.remote.RemoteTestNG.initAndRun(RemoteTestNG.java:137)
	at org.testng.remote.RemoteTestNG.main(RemoteTestNG.java:58)
]]>
            </full-stacktrace>
          </exception> <!-- org.testng.TestNGException -->
          <reporter-output>
          </reporter-output>
        </test-method> <!-- driverMethod -->
        <test-method status="SKIP" signature="LoginToFacebook()[pri:0, instance:testSuite1.TestClass1@29ee9faa]" name="LoginToFacebook" duration-ms="4" started-at="2016-08-13T20:54:07Z" finished-at="2016-08-13T20:54:07Z">
          <reporter-output>
          </reporter-output>
        </test-method> <!-- LoginToFacebook -->
        <test-method status="SKIP" signature="quitBrowser()[pri:0, instance:testSuite1.TestClass1@29ee9faa]" name="quitBrowser" duration-ms="0" started-at="2016-08-13T20:54:07Z" depends-on-methods="testSuite1.TestClass1.LoginToFacebook" finished-at="2016-08-13T20:54:07Z">
          <exception class="java.lang.Throwable">
            <message>
              <![CDATA[Method TestClass1.quitBrowser()[pri:0, instance:testSuite1.TestClass1@29ee9faa] depends on not successfully finished methods]]>
            </message>
            <full-stacktrace>
              <![CDATA[java.lang.Throwable: Method TestClass1.quitBrowser()[pri:0, instance:testSuite1.TestClass1@29ee9faa] depends on not successfully finished methods
	at org.testng.internal.Invoker.invokeTestMethods(Invoker.java:1037)
	at org.testng.internal.TestMethodWorker.invokeTestMethods(TestMethodWorker.java:129)
	at org.testng.internal.TestMethodWorker.run(TestMethodWorker.java:112)
	at org.testng.TestRunner.privateRun(TestRunner.java:782)
	at org.testng.TestRunner.run(TestRunner.java:632)
	at org.testng.SuiteRunner.runTest(SuiteRunner.java:366)
	at org.testng.SuiteRunner.runSequentially(SuiteRunner.java:361)
	at org.testng.SuiteRunner.privateRun(SuiteRunner.java:319)
	at org.testng.SuiteRunner.run(SuiteRunner.java:268)
	at org.testng.SuiteRunnerWorker.runSuite(SuiteRunnerWorker.java:52)
	at org.testng.SuiteRunnerWorker.run(SuiteRunnerWorker.java:86)
	at org.testng.TestNG.runSuitesSequentially(TestNG.java:1244)
	at org.testng.TestNG.runSuitesLocally(TestNG.java:1169)
	at org.testng.TestNG.run(TestNG.java:1064)
	at org.testng.remote.AbstractRemoteTestNG.run(AbstractRemoteTestNG.java:126)
	at org.testng.remote.RemoteTestNG.initAndRun(RemoteTestNG.java:137)
	at org.testng.remote.RemoteTestNG.main(RemoteTestNG.java:58)
]]>
            </full-stacktrace>
          </exception> <!-- java.lang.Throwable -->
          <reporter-output>
          </reporter-output>
        </test-method> <!-- quitBrowser -->
      </class> <!-- testSuite1.TestClass1 -->
    </test> <!-- Default test -->
  </suite> <!-- Default suite -->
</testng-results>
